gnu.java.io.ClassLoaderObjectInputStream
gnu.java.io.EncodingManager
gnu.java.io.NullOutputStream
gnu.java.io.ObjectIdentityWrapper
gnu.java.io.decode.Decoder
gnu.java.io.decode.Decoder8859_1
gnu.java.io.decode.Decoder8859_2
gnu.java.io.decode.Decoder8859_3
gnu.java.io.decode.Decoder8859_4
gnu.java.io.decode.Decoder8859_5
gnu.java.io.decode.DecoderEightBitLookup
gnu.java.io.decode.DecoderUTF8
gnu.java.io.encode.Encoder
gnu.java.io.encode.Encoder8859_1
gnu.java.io.encode.Encoder8859_2
gnu.java.io.encode.Encoder8859_3
gnu.java.io.encode.Encoder8859_4
gnu.java.io.encode.Encoder8859_5
gnu.java.io.encode.EncoderEightBitLookup
gnu.java.io.encode.EncoderUTF8
gnu.java.locale.LocaleInformation
gnu.java.locale.LocaleInformation_en
